0: 16.798 -6.641 -0.265 -0.177 -0.028 -0.299 -0.121 -0.404 -0.387 0.099 0.003 0.000 
1: 17.323 -6.396 0.067 -0.320 -0.178 -0.122 -0.386 -0.151 -0.076 -0.171 -0.165 -0.196 
2: 15.792 -6.599 -0.095 -0.260 0.143 0.174 -0.407 -0.212 -0.132 -0.060 0.099 0.100 
3: 13.787 -6.752 -0.603 -0.438 -0.040 0.107 0.013 -0.151 -0.089 -0.233 -0.014 0.025 
4: 13.987 -5.979 -0.375 -0.560 0.195 0.257 0.400 0.118 -0.176 -0.064 0.012 -0.051 
5: 17.326 -6.474 -0.209 -0.439 -0.004 -0.170 0.472 -0.112 -0.339 -0.048 0.156 -0.238 
6: 17.555 -6.070 -0.689 -0.717 0.204 0.030 -0.030 0.091 0.149 -0.123 0.023 0.057 
7: 17.723 -6.468 -0.462 -1.002 -0.129 0.105 0.204 0.329 0.298 -0.277 -0.468 -0.121 
8: 14.448 -6.830 0.022 -0.842 -0.254 -0.017 0.018 -0.025 -0.317 -0.383 -0.484 -0.181 
9: 14.762 -6.158 -0.247 -0.937 -0.039 0.122 0.013 -0.107 -0.242 -0.367 -0.241 0.177 
10: 16.606 -6.268 0.220 -0.241 0.102 -0.455 -0.137 0.126 -0.275 -0.158 -0.195 -0.166 
11: 17.838 -6.101 0.068 -0.634 -0.485 -0.303 -0.303 -0.070 0.170 -0.004 -0.288 -0.006 
12: 17.282 -6.579 -0.672 -0.491 0.210 0.110 0.402 0.032 -0.257 0.173 0.107 -0.054 
13: 17.432 -6.170 -0.126 -0.651 0.069 0.190 -0.121 -0.304 -0.266 -0.106 -0.001 -0.221 
14: 15.419 -6.348 -0.060 0.025 -0.268 0.485 0.076 -0.350 0.045 -0.350 -0.114 -0.096 
15: 13.410 -6.250 -0.305 -0.408 0.079 -0.053 -0.217 0.074 0.111 -0.283 -0.096 -0.063 
16: 16.388 -6.657 -0.528 -0.276 0.261 -0.067 -0.191 0.113 -0.087 -0.208 -0.113 0.079 
17: 16.199 -6.628 -0.476 -0.112 0.030 -0.190 -0.058 0.028 -0.270 -0.321 -0.084 -0.138 
18: 17.626 -6.654 -0.541 -0.757 -0.416 -0.053 -0.318 -0.613 -0.640 -0.263 -0.063 -0.133 
19: 15.917 -5.939 -0.100 -1.014 -0.114 0.025 0.088 0.297 0.260 -0.166 -0.134 -0.081 
20: 16.479 -6.072 -0.256 -0.132 0.102 -0.058 -0.165 -0.227 0.115 -0.426 -0.358 -0.446 
21: 18.124 -6.036 -0.610 -0.479 0.444 0.028 -0.016 -0.051 -0.115 0.074 -0.011 -0.314 
22: 8.681 -6.233 -0.456 -0.558 -0.254 0.216 -0.124 -0.323 -0.016 -0.277 -0.080 -0.163 
23: 17.806 -4.366 -2.526 -0.997 -0.488 -0.166 -0.806 -0.814 0.731 -0.259 0.078 0.034 
24: 13.870 -5.278 -0.413 0.051 -0.767 0.201 -1.339 -0.841 0.771 -0.727 -0.070 0.183 
25: 16.237 -5.073 -1.282 0.056 -0.335 0.052 -0.976 -0.594 0.673 -0.012 0.491 0.454 
26: 19.635 -5.200 -2.132 -0.020 -0.851 0.093 -0.838 -0.757 0.761 0.076 0.046 0.089 
27: 19.172 -4.604 -2.762 -0.422 -1.266 -0.355 -0.576 -0.229 0.914 0.073 0.236 0.441 
28: 19.748 -4.846 -2.253 -0.853 -0.816 0.523 0.304 0.310 1.100 0.069 0.331 0.088 
29: 19.730 -2.435 -0.893 -0.229 -0.587 0.199 -0.239 -0.201 0.938 -0.100 0.490 -0.038 
30: 18.838 -1.169 -1.042 -0.356 -1.015 -0.229 -0.454 -0.051 1.286 -0.602 0.527 -0.332 
31: 15.678 -1.364 -1.263 -0.401 -1.447 -0.920 0.426 -0.621 1.106 -0.098 0.160 0.055 
32: 16.808 -2.429 -0.686 -1.068 -1.435 -0.587 0.130 -0.876 1.157 0.410 -0.149 0.055 
33: 17.194 -2.416 -0.874 -1.028 -1.085 -0.699 -0.204 -0.979 1.320 0.422 -0.296 0.185 
34: 17.766 -2.354 -1.199 -0.237 -1.228 -0.881 -0.332 -1.300 1.452 0.198 -0.232 0.346 
35: 16.587 -1.787 -1.612 1.122 -1.732 -0.915 -0.535 -1.597 1.578 -0.248 0.073 0.263 
36: 15.276 -1.677 -1.487 1.574 -1.469 -0.849 -0.867 -1.541 1.326 -0.543 0.004 0.262 
37: 15.123 -1.974 -1.101 1.979 -0.922 -1.032 -0.638 -1.882 1.248 -0.905 -0.268 0.481 
38: 14.786 -1.986 -0.393 2.047 -0.334 -1.150 -0.645 -1.978 0.992 -1.044 -0.471 0.414 
39: 16.279 -2.259 0.157 2.391 -0.008 -0.952 -0.184 -2.004 1.045 -1.095 -0.533 0.013 
40: 15.133 -2.299 0.562 2.158 0.784 -0.748 0.345 -1.886 1.067 -1.270 -0.559 -0.161 
41: 9.494 -2.561 1.347 1.737 0.444 -0.546 -0.381 -0.664 0.902 -0.718 -0.196 0.024 
42: 13.601 -2.303 1.690 0.917 0.450 -0.288 -0.430 -0.012 0.698 0.086 0.026 0.069 
43: 17.267 -2.556 2.080 0.825 0.407 0.164 0.249 -0.025 -0.008 -0.105 0.008 0.220 
44: 20.334 -2.858 1.641 1.110 1.256 0.237 -0.142 -0.316 0.000 0.067 -0.093 -0.050 
45: 13.987 -3.192 1.869 0.161 0.730 0.630 0.242 -0.164 0.247 0.202 0.206 -0.234 
46: 15.971 -4.329 0.378 0.061 -0.174 0.930 0.521 0.163 -0.010 -1.022 -0.568 -0.060 
47: 16.506 -2.136 0.462 0.794 0.883 0.383 -1.162 -1.287 0.361 -0.573 -0.550 -0.142 
48: 19.472 -1.367 -0.397 0.571 1.083 -0.420 -0.826 -2.113 0.719 -0.621 -0.632 0.454 
49: 17.974 -1.137 -0.568 0.896 0.303 -0.242 -0.937 -2.365 0.839 -0.550 -0.657 0.684 
50: 15.538 -1.092 -0.208 0.893 -0.080 -0.368 -0.726 -2.791 0.912 -0.426 -0.313 0.503 
51: 13.468 -1.237 -0.245 0.819 0.010 -0.507 -0.902 -2.654 0.644 -0.372 -0.175 0.707 
52: 17.487 -0.959 -0.419 0.862 -0.250 -0.347 -0.839 -2.814 0.875 -0.474 -0.170 0.586 
53: 17.939 -0.855 -0.284 0.684 -0.243 -0.457 -0.488 -2.824 0.876 -0.517 -0.090 0.631 
54: 17.679 -1.101 -0.225 0.503 -0.290 -0.341 -0.549 -2.552 1.011 -0.360 -0.053 0.545 
55: 17.768 -1.200 -0.076 0.422 -0.301 -0.407 -0.275 -2.482 1.160 -0.513 0.082 0.545 
56: 18.385 -1.375 0.031 0.474 -0.249 -0.474 -0.292 -2.230 0.965 -0.436 0.060 0.655 
57: 12.994 -1.296 -0.055 0.510 -0.250 -0.333 -0.418 -2.175 1.086 -0.309 -0.196 0.545 
58: 18.140 -1.355 0.215 0.406 -0.185 -0.376 -0.483 -1.974 1.069 -0.321 -0.127 0.542 
59: 17.931 -1.442 0.266 0.379 0.314 -0.563 -0.751 -1.521 0.828 -0.261 -0.014 0.705 
60: 18.459 -1.387 0.645 0.563 0.297 -0.542 -0.847 -1.068 0.612 -0.284 -0.020 0.644 
61: 20.077 -1.173 0.494 0.115 0.870 -0.501 -0.872 -1.130 0.850 -0.575 0.254 0.347 

0: 17.714 -5.989 -0.074 0.066 0.082 -0.133 0.102 0.166 0.160 0.258 -0.151 -0.119 
1: 16.178 -6.307 -0.536 -0.586 0.068 0.097 -0.146 0.037 0.151 -0.036 -0.251 -0.119 
2: 15.608 -6.516 -0.274 -1.359 0.073 -0.262 -0.058 -0.046 -0.394 -0.351 -0.236 -0.428 
3: 16.077 -6.805 -0.577 -0.661 -0.387 -0.377 0.191 0.104 -0.039 0.087 0.110 -0.186 
4: 14.049 -6.465 -0.013 -0.574 0.107 -0.242 0.256 0.140 0.011 -0.230 -0.028 -0.333 
5: 13.377 -6.902 -1.048 -0.425 -0.157 -0.085 -0.147 -0.444 -0.452 -0.239 0.312 0.405 
6: 15.592 -6.477 -0.612 -0.677 -0.205 -0.436 -0.546 -0.192 -0.490 -0.139 0.097 -0.126 
7: 11.536 -8.267 -2.019 -0.165 0.052 -0.387 -0.626 -0.442 -0.586 -0.391 0.060 -0.043 
8: 8.821 -6.421 -0.658 -0.831 -0.415 -0.543 -0.346 -0.481 -0.395 -0.229 0.008 -0.180 
9: 15.501 -7.160 -0.719 -0.694 -0.356 -0.608 0.126 0.266 -0.127 -0.175 0.154 -0.289 
10: 16.014 -6.718 -1.052 -0.546 -0.137 -0.821 0.013 -0.039 -0.362 -0.050 0.204 0.026 
11: 14.099 -7.023 -0.823 -0.643 -0.415 -0.073 0.104 0.103 0.154 -0.509 -0.464 -0.369 
12: 15.111 -6.901 -0.846 -0.783 -0.088 0.097 -0.447 -0.221 0.035 -0.144 0.257 -0.156 
13: 16.384 -7.350 -1.992 -1.008 0.029 -0.487 -0.228 0.256 0.275 -0.190 0.058 0.155 
14: 15.431 -6.818 -0.651 -0.521 -0.074 -0.108 -0.456 -0.349 -0.141 -0.172 -0.185 0.227 
15: 15.772 -6.235 -0.534 -1.391 -0.499 -0.109 0.288 -0.095 -0.024 -0.140 0.062 -0.006 
16: 16.155 -6.863 -0.933 -0.787 -0.373 -0.396 -0.027 0.192 0.105 -0.277 0.044 0.038 
17: 16.037 -6.580 -1.160 -0.584 -0.385 -0.231 -0.071 0.435 0.283 -0.210 -0.174 -0.060 
18: 9.102 -5.770 -1.478 -1.061 -0.063 -0.249 -0.515 -0.454 0.016 -0.414 -0.334 -0.007 
19: 15.724 -3.977 -1.757 -0.925 -0.165 -0.162 -0.847 -0.728 0.173 -0.784 -0.187 0.216 
20: 16.297 -5.455 -1.372 0.299 -0.041 0.565 -1.335 -0.906 0.210 -0.439 -0.130 0.139 
21: 18.485 -4.892 -0.752 -0.182 -0.776 -0.346 -1.211 -0.275 0.626 -0.047 0.297 0.501 
22: 17.118 -4.278 -1.057 -0.390 -0.416 -0.222 -0.581 -0.570 0.914 0.339 -0.232 0.363 
23: 20.890 -4.566 -2.230 -0.470 -0.874 0.093 -0.501 -0.053 1.049 0.545 0.244 0.242 
24: 20.198 -4.443 -2.736 -1.056 -1.041 -0.443 -0.859 0.106 0.843 0.229 0.087 0.140 
25: 19.401 -2.527 -0.837 0.171 -0.249 0.535 -0.150 0.038 1.132 -0.154 0.126 0.097 
26: 19.102 -1.768 -0.207 0.455 -0.847 -0.660 -0.272 -0.175 1.485 -0.427 0.213 -0.105 
27: 16.446 -1.772 -0.903 -0.100 -1.767 -0.944 0.287 -0.707 1.209 -0.124 0.162 0.229 
28: 17.231 -2.541 -0.584 -0.766 -1.528 -0.763 -0.086 -0.823 1.302 0.504 -0.407 0.248 
29: 17.413 -2.581 -0.565 -0.702 -1.462 -0.554 -0.520 -0.963 1.649 0.496 -0.608 0.273 
30: 17.002 -2.382 -1.096 -0.216 -1.180 -0.892 -0.736 -0.969 1.617 0.330 -0.429 0.421 
31: 17.020 -2.620 -0.900 0.094 -1.274 -1.020 -0.799 -1.184 1.580 0.153 -0.269 0.537 
32: 16.972 -2.519 -1.028 1.035 -1.600 -0.978 -0.914 -1.236 1.342 -0.155 0.067 0.395 
33: 16.342 -2.641 -0.824 1.850 -1.551 -0.942 -0.777 -1.390 0.962 -0.405 -0.102 0.487 
34: 15.889 -2.655 -0.115 2.278 -1.173 -1.258 -0.526 -1.697 0.880 -0.856 -0.148 0.316 
35: 15.462 -2.669 0.414 2.526 -0.688 -1.222 -0.340 -1.861 0.674 -0.918 -0.247 0.132 
36: 16.487 -2.674 1.116 2.342 -0.105 -1.188 0.233 -1.901 0.835 -1.191 -0.177 -0.121 
37: 12.121 -2.706 1.390 2.099 0.540 -0.336 -0.098 -1.321 0.803 -1.090 -0.141 -0.086 
38: 18.692 -2.274 1.673 1.176 0.387 -0.361 -0.443 0.088 0.582 0.099 -0.057 0.229 
39: 22.043 -2.063 2.086 1.033 0.130 -0.210 -0.422 -0.357 0.248 0.173 0.018 0.216 
40: 12.647 -2.830 1.882 1.028 0.957 -0.075 -0.140 -0.396 0.515 0.586 0.211 -0.104 
41: 17.352 -2.557 2.053 0.686 0.556 -0.002 0.252 0.250 0.314 0.382 0.063 -0.077 
42: 14.033 -3.994 0.660 0.651 0.048 0.772 0.042 -0.138 0.226 -0.511 -0.301 -0.383 
43: 16.325 -2.214 0.906 0.931 0.244 0.593 -0.920 -1.750 0.707 -0.561 -0.479 -0.302 
44: 18.084 -1.264 -0.107 0.927 0.183 0.024 -0.928 -2.219 0.998 -0.666 -0.488 0.400 
45: 18.017 -1.410 -0.103 0.743 0.049 -0.064 -1.192 -2.265 0.960 -0.586 -0.337 0.521 
46: 18.517 -1.399 -0.126 0.628 -0.108 -0.084 -1.262 -2.353 0.764 -0.569 -0.154 0.571 
47: 18.782 -1.859 0.212 0.422 -0.237 -0.166 -1.309 -2.079 0.355 -0.407 -0.086 0.509 
48: 18.979 -1.727 -0.215 0.427 -0.183 -0.105 -1.384 -2.026 0.327 -0.486 0.005 0.549 
49: 18.284 -1.310 -0.296 0.412 -0.269 -0.089 -1.308 -2.136 0.496 -0.391 -0.089 0.637 
50: 16.639 -1.306 -0.521 0.524 -0.205 -0.142 -1.109 -2.331 0.670 -0.561 -0.049 0.645 
51: 17.960 -1.191 -0.499 0.418 -0.144 0.001 -1.118 -2.262 0.795 -0.620 -0.005 0.623 
52: 17.849 -1.243 -0.382 0.254 -0.276 0.159 -1.055 -2.025 1.132 -0.542 0.007 0.617 
53: 17.950 -1.276 -0.042 0.317 -0.236 -0.005 -0.863 -2.216 1.113 -0.436 -0.049 0.760 
54: 17.241 -1.094 0.134 0.463 -0.254 0.082 -0.964 -2.205 1.319 -0.640 0.083 0.688 
55: 14.303 -1.794 0.538 0.427 -0.081 -0.165 -0.866 -1.923 1.117 -0.499 -0.083 0.793 
56: 17.975 -1.839 0.966 0.401 0.158 -0.197 -0.874 -1.727 0.945 -0.503 -0.049 0.856 
57: 18.804 -2.095 1.190 0.506 0.567 -0.272 -1.143 -1.101 0.703 -0.636 0.117 0.524 
58: 17.955 -1.886 1.180 0.309 1.030 -0.138 -0.865 -1.031 0.698 -0.798 0.394 0.247 
59: 17.735 -2.410 1.460 0.479 1.097 0.460 -0.814 -0.901 0.792 -0.639 -0.082 0.307 
60: 9.330 -3.443 1.813 -0.143 1.449 0.445 0.139 -0.379 0.277 -0.498 -0.020 -0.153 
61: 16.259 -3.592 1.105 0.360 0.865 0.712 0.126 -0.453 0.163 0.166 0.302 0.195 

0: 16.744 -6.850 -0.266 -0.548 -0.060 -0.008 -0.025 0.124 -0.138 -0.312 -0.154 -0.188 
1: 15.158 -6.857 -0.596 -0.893 -0.543 -0.321 0.631 0.089 -0.223 -0.285 -0.117 -0.274 
2: 10.070 -8.459 -0.810 -0.439 -0.791 0.683 -0.324 0.361 0.655 -0.483 0.190 -0.108 
3: 7.351 -7.513 -1.081 -0.541 -0.034 -0.392 -0.499 -0.439 0.080 0.012 0.105 0.050 
4: 14.957 -6.156 -0.471 -0.805 -0.037 -0.103 0.099 -0.230 -0.048 0.203 -0.081 -0.168 
5: 16.318 -6.771 -0.610 -0.595 -0.190 -0.241 -0.637 -0.275 -0.221 -0.098 0.027 -0.140 
6: 13.547 -6.246 -0.854 -0.873 -0.073 -0.097 -0.490 -0.333 0.089 0.325 0.374 -0.073 
7: 15.330 -6.939 -1.136 -0.395 -0.268 0.150 -1.263 -0.329 0.332 -0.267 0.484 -0.283 
8: 17.685 -6.355 -0.372 -0.462 0.075 -0.025 0.400 0.244 0.081 0.077 0.209 -0.062 
9: 16.577 -6.701 -0.803 -1.018 -0.036 0.078 0.094 -0.159 0.081 0.167 0.206 -0.129 
10: 13.353 -4.301 -0.396 -1.168 -0.383 -0.024 -0.634 -0.444 0.234 -0.120 -0.225 -0.004 
11: 19.658 -3.276 -1.288 -1.238 -0.566 -0.152 -1.272 -1.128 0.531 -0.569 -0.301 0.290 
12: 12.316 -5.229 -0.717 0.444 -0.557 0.090 -1.284 -0.925 0.707 -0.100 0.186 0.302 
13: 18.935 -4.093 -1.062 -0.321 -0.266 1.082 -0.846 -0.455 0.911 0.494 -0.121 0.085 
14: 18.195 -3.595 -2.381 -0.969 -0.426 0.169 -0.351 0.120 0.834 0.114 0.466 0.452 
15: 12.507 -4.356 -2.724 -0.621 -0.955 -0.126 -0.856 0.077 0.987 0.350 -0.103 0.061 
16: 20.791 -2.966 -1.502 -0.012 -0.157 0.353 -0.500 0.398 1.184 0.309 0.519 0.046 
17: 17.607 -1.356 -0.558 0.327 -0.543 -0.077 -0.549 0.021 1.473 -0.084 0.619 -0.272 
18: 15.618 -1.945 -0.750 -0.098 -1.208 -0.759 -0.589 -0.190 1.106 0.276 0.067 -0.092 
19: 17.147 -2.976 -0.084 -0.585 -1.622 -0.538 -0.506 -0.230 0.765 0.958 -0.122 -0.155 
20: 16.785 -3.083 0.029 -0.265 -1.703 -0.547 -0.922 -0.261 1.085 0.800 -0.249 -0.446 
21: 17.024 -3.338 0.237 -0.446 -1.265 -0.752 -1.015 -0.349 1.309 0.666 -0.442 0.032 
22: 17.144 -3.300 0.395 -0.323 -1.186 -1.062 -1.136 -0.490 1.628 0.327 -0.346 0.344 
23: 16.893 -3.312 0.074 0.091 -1.000 -1.462 -1.329 -0.540 1.667 0.371 -0.251 0.451 
24: 16.669 -3.886 0.457 0.916 -1.047 -1.872 -1.531 -0.222 1.485 -0.128 -0.117 0.391 
25: 16.905 -3.361 -0.068 1.348 -1.195 -1.291 -1.260 -0.612 0.858 -0.374 -0.018 0.446 
26: 16.428 -3.640 0.258 1.652 -0.861 -1.165 -1.146 -1.141 0.392 -0.494 0.161 0.512 
27: 15.819 -3.574 0.684 2.249 -0.956 -1.435 -0.829 -1.266 0.339 -0.816 0.013 0.204 
28: 15.298 -3.819 1.452 2.373 -0.843 -1.314 -0.344 -1.192 0.378 -0.736 -0.506 -0.063 
29: 13.987 -3.828 1.262 2.716 -0.157 -0.813 0.022 -1.525 0.398 -1.171 -0.571 -0.175 
30: 14.242 -3.815 1.748 2.714 0.136 -0.710 -0.072 -1.488 0.712 -1.190 -1.019 -0.112 
31: 12.768 -3.317 1.718 2.667 0.634 -0.673 0.165 -1.588 0.823 -1.133 -0.881 0.317 
32: 10.113 -2.910 2.156 1.806 0.481 -0.369 -0.243 -0.440 0.439 -0.347 -0.044 -0.007 
33: 20.922 -2.297 1.751 0.719 0.494 -0.135 0.036 -0.216 0.416 0.052 -0.294 -0.050 
34: 15.048 -2.290 1.909 1.076 0.383 -0.203 -0.156 -0.211 0.351 0.319 -0.054 -0.101 
35: 10.832 -2.392 1.915 0.862 0.853 0.362 0.262 -0.502 0.351 -0.066 -0.135 -0.099 
36: 15.719 -2.763 2.026 0.367 0.503 0.383 0.338 0.198 0.316 0.182 0.201 0.045 
37: 11.352 -2.780 1.885 0.602 0.485 0.357 0.178 0.165 0.386 0.157 0.103 0.005 
38: 17.325 -2.147 0.624 0.071 0.341 0.156 -0.156 0.041 0.130 -0.017 -0.201 -0.084 
39: 16.725 -2.218 0.990 0.707 0.895 0.357 -1.067 -1.241 0.389 -0.502 -0.565 -0.306 
40: 18.111 -1.691 0.517 0.589 0.405 -0.041 -1.333 -1.663 0.525 -0.607 -0.490 0.127 
41: 18.536 -1.651 0.300 0.496 0.166 -0.192 -1.212 -1.809 0.496 -0.213 -0.367 0.314 
42: 18.115 -1.380 0.294 0.434 -0.050 -0.082 -1.361 -1.835 0.488 -0.151 -0.454 0.406 
43: 18.291 -1.588 0.413 0.437 -0.072 -0.283 -1.324 -1.711 0.154 -0.025 -0.334 0.378 
44: 17.970 -1.420 0.231 0.621 -0.118 -0.372 -1.254 -1.777 0.108 -0.187 -0.186 0.410 
45: 16.992 -1.369 0.543 0.311 -0.035 -0.232 -1.251 -2.043 0.363 -0.234 -0.156 0.327 
46: 17.810 -1.378 0.684 0.293 0.013 -0.528 -1.030 -1.899 0.500 -0.240 -0.040 0.530 
47: 17.855 -1.666 0.751 0.396 -0.093 -0.502 -0.893 -1.727 0.637 -0.238 0.025 0.301 
48: 18.354 -1.574 0.744 0.441 0.057 -0.521 -1.051 -1.435 0.514 -0.125 -0.180 0.533 
49: 17.787 -1.886 1.169 0.387 0.154 -0.635 -1.059 -1.163 0.463 -0.068 -0.323 0.696 
50: 17.524 -1.656 1.058 0.490 0.456 -0.690 -1.230 -0.987 0.452 0.052 -0.400 0.742 
51: 15.783 -1.925 1.447 0.538 0.554 -0.761 -1.102 -0.726 0.335 -0.235 -0.076 0.700 
52: 12.597 -1.807 1.439 0.352 0.928 -0.389 -1.505 -0.367 0.396 -0.366 -0.097 0.420 
53: 18.562 -1.787 1.616 0.268 1.155 -0.004 -1.609 -0.528 0.759 -0.588 0.082 0.455 
54: 16.187 -2.479 1.613 0.675 1.019 0.340 -1.041 -0.567 0.381 -0.153 -0.056 0.338 
55: 14.699 -4.102 2.490 -0.107 1.603 0.229 0.043 -0.206 0.079 -0.246 0.059 0.496 
56: 11.901 -3.354 1.750 1.132 0.798 0.437 0.387 -0.113 -0.085 -0.488 -0.196 0.098 
57: 14.178 -3.893 0.924 -0.048 0.166 0.427 0.238 0.152 0.039 0.090 0.182 0.172 
58: 17.972 -5.268 -0.129 -0.367 0.107 0.025 0.050 0.004 -0.080 -0.101 -0.019 -0.046 
59: 17.653 -5.090 0.511 -0.549 -0.148 -0.120 0.178 -0.183 -0.267 -0.416 -0.037 -0.086 
60: 18.764 -5.231 -0.090 -0.817 0.047 -0.304 -0.184 -0.181 0.005 -0.262 -0.003 0.154 
61: 18.229 -5.084 -0.006 -0.870 -0.472 -0.108 -0.356 -0.569 -0.189 -0.141 0.075 0.357 

0: 17.645 -6.714 -0.426 -0.563 -0.246 0.111 -0.085 0.075 -0.096 -0.036 -0.255 0.190 
1: 15.381 -6.361 -0.197 -0.649 -0.393 -0.322 -0.325 -0.173 -0.040 0.045 0.103 0.003 
2: 13.901 -7.043 -0.373 -0.513 -0.239 -0.144 0.185 0.267 -0.050 -0.008 0.210 0.086 
3: 16.998 -6.854 -0.414 -0.260 0.089 -0.626 -0.069 -0.298 -0.487 -0.248 -0.097 0.089 
4: 16.713 -6.379 -0.619 -0.345 0.138 -0.105 0.268 0.203 -0.106 -0.155 0.086 -0.262 
5: 12.326 -5.147 -1.475 -1.174 0.064 0.293 -0.621 -0.121 0.305 -0.269 -0.477 -0.295 
6: 18.957 -3.818 -1.868 -1.064 -0.167 -0.280 -1.161 -0.513 0.167 -0.651 -0.076 -0.155 
7: 17.478 -4.467 -0.748 -1.129 -0.369 0.135 -1.192 -0.277 0.619 -0.439 0.171 0.328 
8: 16.374 -4.881 -0.615 0.198 -0.013 0.904 -1.006 -0.397 0.337 -0.499 -0.180 0.073 
9: 14.641 -3.775 -1.700 -0.213 -0.346 0.314 -0.441 0.004 0.917 0.439 0.028 0.504 
10: 15.036 -3.513 -2.561 -0.175 -0.141 0.730 -0.139 0.669 1.305 0.415 0.376 0.126 
11: 18.633 -1.242 -1.426 0.307 -0.228 0.601 -0.377 0.071 1.069 -0.259 0.464 -0.147 
12: 16.736 -1.639 -0.883 0.504 -1.028 -0.619 -0.724 0.071 1.011 0.074 0.302 -0.206 
13: 16.863 -2.320 -0.572 -0.195 -1.379 -0.790 -0.597 -0.060 0.956 0.516 -0.086 0.002 
14: 15.856 -2.831 -0.074 -0.288 -1.632 -0.705 -0.846 0.088 0.941 0.625 -0.355 -0.236 
15: 16.294 -3.099 -0.046 -0.204 -1.318 -0.790 -1.189 -0.205 1.254 0.544 -0.394 0.157 
16: 16.377 -3.034 0.104 0.077 -1.262 -1.194 -1.333 -0.193 1.422 0.296 -0.250 0.463 
17: 17.494 -2.902 0.162 0.643 -1.313 -1.331 -1.348 -0.449 1.180 0.102 0.203 0.306 
18: 17.085 -2.701 0.042 1.297 -1.369 -1.359 -0.894 -0.745 0.910 -0.340 -0.029 0.449 
19: 15.700 -2.521 0.298 1.828 -1.170 -1.389 -0.500 -1.182 0.626 -0.772 -0.020 0.318 
20: 16.310 -2.735 0.925 2.316 -0.688 -1.525 -0.362 -1.439 0.494 -0.914 -0.250 0.318 
21: 15.476 -3.042 1.731 2.181 0.166 -1.526 0.101 -1.421 0.807 -1.004 -0.504 -0.125 
22: 12.045 -2.875 1.930 1.970 1.081 -1.098 0.244 -1.405 0.955 -1.150 -0.515 -0.103 
23: 10.779 -2.540 1.814 1.223 0.631 -0.098 0.017 -0.198 -0.109 0.092 -0.003 0.129 
24: 12.633 -2.515 2.222 0.514 0.140 -0.290 -0.570 -0.109 0.365 0.259 -0.037 -0.337 
25: 18.097 -2.789 1.531 0.458 0.155 -0.474 -0.637 -0.320 0.434 0.603 0.378 0.064 
26: 19.023 -3.661 1.318 0.505 0.532 0.397 -0.038 0.189 0.489 0.207 0.078 -0.011 
27: 19.570 -3.947 1.309 0.550 0.735 0.018 0.538 0.448 0.310 0.105 0.185 -0.133 
28: 13.173 -2.587 0.238 0.330 -0.220 -0.073 -0.527 -0.068 0.275 -0.166 -0.285 -0.386 
29: 14.871 -2.035 0.590 0.887 1.236 -0.119 -0.947 -1.241 -0.187 -0.324 -0.509 -0.183 
30: 18.397 -2.391 0.445 1.125 0.987 -0.712 -1.336 -1.315 -0.105 -0.191 -0.709 -0.133 
31: 18.555 -2.253 0.311 0.971 0.702 -0.840 -1.203 -1.289 -0.005 0.179 -0.714 -0.143 
32: 16.487 -2.240 0.346 1.044 0.511 -0.737 -1.244 -1.443 0.050 0.255 -0.605 -0.028 
33: 15.423 -2.093 0.374 1.076 0.418 -0.734 -1.230 -1.557 0.141 0.249 -0.503 -0.006 
34: 18.818 -1.900 0.298 0.979 0.290 -0.606 -1.162 -1.578 0.236 0.125 -0.410 -0.008 
35: 14.586 -1.951 0.437 0.896 0.408 -0.937 -1.231 -1.648 0.623 0.337 -0.404 0.145 
36: 15.927 -1.647 0.485 0.822 0.401 -0.857 -1.196 -1.891 0.904 0.096 -0.222 0.229 
37: 17.928 -1.692 0.776 0.187 0.394 -0.656 -0.992 -1.820 1.002 -0.067 -0.454 0.418 
38: 17.899 -1.594 0.981 -0.153 0.345 -0.344 -0.985 -1.632 0.748 -0.048 -0.298 0.443 
39: 18.708 -1.616 1.030 0.074 0.432 -0.520 -0.932 -1.350 0.682 0.003 -0.379 0.561 
40: 18.264 -2.048 1.359 0.171 0.675 -0.414 -1.334 -0.854 0.578 -0.016 -0.272 0.484 
41: 19.260 -2.410 1.550 0.322 1.059 -0.113 -1.801 -0.579 0.631 0.013 -0.008 0.177 
42: 17.879 -2.057 1.733 0.143 1.621 -0.203 -1.359 -0.832 0.468 -0.001 0.063 0.250 
43: 9.714 -2.978 2.282 0.084 2.010 0.103 -0.600 -0.532 0.146 0.193 -0.184 -0.022 
44: 15.627 -2.482 1.501 0.379 1.422 0.471 -0.180 -0.344 0.100 0.214 0.020 -0.212 
45: 20.041 -3.395 1.341 0.394 0.604 -0.053 -0.297 -0.043 0.293 0.226 0.191 -0.039 
46: 15.791 -4.687 0.239 -0.201 0.387 -0.566 0.062 -0.265 -0.567 -0.255 -0.279 -0.019 
47: 17.623 -5.498 0.313 -0.335 -0.411 -0.651 -0.657 -0.352 -0.205 -0.069 -0.149 -0.334 
48: 17.498 -5.359 0.219 -0.313 0.055 -0.551 -0.628 -0.877 -0.260 0.006 -0.232 0.222 
49: 18.088 -5.130 -0.346 -1.231 0.034 -0.213 0.218 -0.085 -0.274 0.047 -0.059 0.049 
50: 19.327 -4.755 -0.032 -0.863 -0.102 0.011 -0.207 -0.325 -0.083 0.017 0.280 0.026 
51: 15.400 -5.530 0.200 -0.717 -0.300 -0.147 -0.101 0.055 0.024 -0.086 -0.046 -0.053 
52: 16.204 -5.018 0.617 -0.260 -0.055 0.188 -0.248 -0.064 -0.051 -0.237 0.440 0.223 
53: 14.249 -4.077 0.785 0.276 0.995 0.636 0.097 0.520 0.154 0.299 0.591 0.036 
54: 19.700 -4.348 0.943 0.152 0.632 0.635 0.770 0.055 -0.443 -0.227 0.037 -0.258 
55: 16.417 -4.460 0.399 0.009 0.716 0.875 0.604 0.138 0.145 -0.015 0.216 0.356 
56: 18.502 -5.231 0.288 -0.482 -0.023 0.126 0.746 0.416 0.327 0.294 0.297 -0.042 
57: 17.548 -5.973 -0.557 -0.718 -0.659 -0.124 -0.011 -0.215 0.333 0.228 0.173 0.081 
58: 13.475 -5.251 -0.562 -0.913 -0.242 -0.608 0.015 0.042 -0.317 -0.259 -0.328 -0.479 
59: 14.188 -5.536 -0.052 -0.933 -0.384 -0.204 0.160 -0.059 -0.213 -0.699 -0.246 -0.399 
60: 18.564 -5.773 -0.202 -0.733 -0.701 -0.232 -0.300 -0.485 -0.530 0.055 0.084 -0.299 
61: 18.283 -6.198 -0.471 -0.848 -0.175 -0.033 0.121 0.087 -0.031 -0.097 -0.211 -0.386 

0: 15.079 -6.910 -0.679 -0.975 -0.709 -0.663 -0.111 -0.579 -0.143 -0.148 0.165 0.018 
1: 15.292 -6.760 -0.311 -0.346 -0.062 -0.066 0.286 0.067 -0.680 -0.429 0.100 -0.071 
2: 16.313 -6.685 -0.902 -1.040 -0.243 -0.207 0.136 0.342 0.026 0.028 0.129 0.128 
3: 16.244 -6.684 -0.656 -0.943 -0.414 -0.231 -0.169 -0.240 -0.186 -0.046 -0.303 -0.101 
4: 16.369 -6.587 -0.561 -0.877 -1.078 -0.649 -0.117 -0.216 0.062 -0.184 -0.158 0.065 
5: 16.112 -7.437 -0.763 -0.972 -0.711 -0.226 -0.089 0.019 0.054 0.264 -0.026 -0.348 
6: 17.071 -6.723 -0.835 -0.760 -0.177 0.041 0.244 0.029 0.261 -0.062 -0.045 0.120 
7: 17.209 -6.447 -1.017 -0.208 -0.269 -0.152 -0.123 -0.605 -0.104 -0.358 -0.318 -0.040 
8: 13.154 -5.309 -2.618 -0.599 -0.188 0.170 -0.485 -0.407 0.394 -0.412 -0.002 -0.353 
9: 14.298 -4.102 -1.648 0.002 0.104 0.155 -0.708 -0.418 0.276 -0.768 0.349 -0.366 
10: 17.033 -4.156 -1.065 -0.319 -0.564 0.117 -1.221 -0.557 0.062 -0.038 0.559 -0.233 
11: 18.264 -2.462 0.070 0.981 0.594 0.358 -0.697 -0.055 0.049 0.164 0.217 -0.191 
12: 12.483 -3.076 -0.507 1.036 0.557 0.792 -0.286 0.364 1.076 0.023 -0.255 -0.024 
13: 10.779 -2.693 -1.562 -0.066 -0.111 0.745 -0.045 0.307 0.802 0.332 -0.020 0.085 
14: 17.697 -1.709 -0.810 0.572 -0.173 0.327 -0.255 0.146 0.661 -0.198 0.161 -0.370 
15: 16.177 -1.304 -1.260 0.971 -0.701 -0.102 -0.535 -0.231 1.325 -0.156 0.502 -0.346 
16: 17.152 -1.774 -0.690 0.017 -0.973 -0.694 -0.612 0.022 0.968 0.251 0.172 -0.469 
17: 18.278 -1.893 -0.739 -0.342 -1.167 -1.129 -0.088 -0.110 0.692 0.718 -0.054 -0.115 
18: 16.945 -2.235 -0.576 -0.001 -1.637 -0.948 -0.498 0.100 0.779 0.421 0.171 -0.129 
19: 17.047 -2.450 -0.259 0.100 -1.619 -1.056 -0.739 0.070 0.749 0.339 0.147 -0.053 
20: 17.246 -2.867 -0.214 0.336 -1.267 -1.217 -1.098 -0.154 0.757 0.245 0.189 0.281 
21: 16.373 -2.730 -0.389 0.994 -1.178 -1.280 -1.099 -0.611 0.480 0.095 0.316 0.554 
22: 15.685 -2.911 -0.034 1.546 -1.058 -1.281 -0.653 -0.926 0.147 -0.389 0.019 0.743 
23: 15.276 -2.930 0.487 1.897 -0.633 -0.809 -0.819 -1.328 -0.067 -0.949 0.149 0.400 
24: 14.740 -3.013 1.346 2.714 -0.251 -1.397 -0.893 -1.268 1.004 -0.901 -0.241 -0.415 
25: 14.170 -2.860 1.633 2.512 0.853 -0.789 -0.763 -1.321 0.808 -1.674 0.034 -0.062 
26: 13.434 -2.553 1.816 1.539 1.153 0.102 -0.217 -0.281 -0.041 -0.307 -0.268 0.174 
27: 20.543 -1.753 1.882 0.935 0.403 -0.846 -0.006 0.182 0.315 -0.029 0.284 0.103 
28: 9.340 -2.013 1.811 0.720 0.529 -0.414 -0.033 -0.170 0.222 0.016 -0.031 -0.168 
29: 20.878 -3.373 1.380 0.494 0.540 0.133 0.661 0.286 -0.307 0.200 0.317 -0.131 
30: 13.253 -3.650 0.319 -0.105 -0.492 0.115 -0.479 0.310 -0.107 -0.315 -0.134 -0.477 
31: 17.408 -2.749 1.255 0.513 0.071 0.207 -0.822 -0.398 -0.034 -0.253 -0.354 -0.333 
32: 17.716 -2.438 0.758 1.330 1.012 0.235 -1.151 -1.692 -0.212 -0.454 -0.600 -0.159 
33: 18.646 -2.156 0.814 0.621 0.419 -0.406 -0.830 -1.379 -0.152 -0.253 -0.482 -0.052 
34: 16.404 -2.387 0.779 0.841 0.519 -0.538 -1.273 -1.362 0.012 0.055 -0.432 0.154 
35: 18.034 -2.242 0.730 1.008 0.514 -0.565 -1.408 -1.505 0.074 0.254 -0.348 0.103 
36: 16.246 -1.893 0.513 0.890 0.521 -0.533 -1.274 -1.604 0.115 0.113 -0.305 0.305 
37: 18.050 -2.002 0.736 0.710 0.525 -0.443 -1.252 -1.779 0.358 -0.043 -0.103 0.185 
38: 16.396 -1.990 1.000 0.281 0.535 -0.495 -1.257 -1.916 0.648 -0.035 -0.048 0.543 
39: 17.562 -2.146 1.261 0.170 0.399 -0.519 -1.075 -2.039 0.876 -0.063 -0.161 0.518 
40: 15.242 -1.955 1.254 0.089 0.277 -0.544 -0.737 -1.680 0.441 0.055 -0.287 0.752 
41: 16.367 -1.785 1.323 0.215 0.405 -0.575 -0.773 -1.516 0.405 0.239 -0.385 0.838 
42: 17.447 -1.904 1.458 0.299 0.595 -0.605 -0.874 -1.171 0.394 0.159 -0.252 0.682 
43: 18.860 -1.701 1.425 0.395 0.871 -0.523 -1.263 -0.807 0.268 0.074 -0.118 0.543 
44: 19.725 -2.315 1.791 0.078 1.167 -0.092 -1.436 -0.861 0.450 -0.102 0.134 0.270 
45: 17.557 -2.376 1.783 0.108 1.457 0.059 -0.995 -1.290 0.575 -0.093 0.105 0.337 
46: 10.252 -3.318 2.711 -0.176 1.836 0.167 -0.605 -0.790 0.272 -0.124 0.079 0.119 
47: 11.082 -2.798 2.208 -0.073 1.258 0.276 -0.044 -0.456 0.394 0.415 -0.073 -0.203 
48: 17.232 -3.778 1.322 0.748 1.245 0.635 0.283 -0.123 -0.264 0.043 -0.243 0.070 
49: 12.594 -4.262 0.545 -0.448 0.199 0.047 0.362 0.187 -0.070 0.106 0.111 -0.102 
50: 18.635 -5.007 0.256 -0.697 0.186 -0.554 0.393 -0.295 -0.194 0.307 0.077 0.080 
51: 17.808 -5.189 0.289 -0.899 -0.447 -0.813 -0.335 0.131 -0.517 -0.359 0.083 0.186 
52: 18.117 -5.028 0.551 -0.428 -0.167 0.122 0.019 -0.372 0.089 0.168 -0.077 -0.024 
53: 18.976 -4.510 1.177 0.382 0.527 0.361 0.092 0.060 0.187 0.316 -0.300 0.098 
54: 9.918 -4.597 0.657 0.143 0.332 -0.220 -0.059 0.063 0.427 0.053 -0.112 -0.069 
55: 17.869 -5.336 -0.082 -0.481 -0.034 -0.299 -0.012 -0.011 0.010 0.350 0.182 0.396 
56: 18.585 -4.996 0.112 -0.115 0.473 -0.136 -0.351 -0.139 -0.242 -0.096 -0.068 0.046 
57: 16.393 -5.232 -0.245 -0.549 -0.094 -0.362 0.386 -0.006 -0.175 -0.354 -0.363 -0.337 
58: 18.457 -5.166 0.068 -0.621 0.101 -0.066 -0.083 -0.143 -0.167 -0.215 -0.146 0.042 
59: 17.595 -5.760 -0.003 -1.156 -0.325 -0.317 -0.035 0.176 -0.045 -0.367 -0.222 -0.215 
60: 17.321 -5.699 -0.085 -0.864 -0.542 -0.435 -0.109 -0.077 -0.497 -0.452 0.180 -0.041 
61: 17.801 -6.550 -0.812 -1.323 -0.905 -0.604 -0.121 0.192 -0.164 -0.440 -0.070 0.013 

0: 16.850 -6.566 -1.108 -0.722 -0.390 -0.437 -0.221 0.058 -0.217 -0.052 -0.004 -0.003 
1: 15.263 -6.686 -0.344 -0.475 -0.705 -0.639 0.060 0.143 -0.167 -0.119 0.218 0.078 
2: 13.375 -4.625 -1.175 -0.887 0.153 -0.000 -0.248 -0.247 0.179 -0.432 -0.113 0.028 
3: 16.788 -4.209 -1.469 -0.865 -0.085 -0.015 -0.806 -0.364 0.417 -0.674 0.066 0.027 
4: 15.689 -4.865 -0.716 -0.901 -0.447 0.046 -1.404 -0.826 0.265 -0.745 -0.136 0.005 
5: 15.451 -6.406 -0.692 -0.270 -0.116 -0.029 -1.500 -0.468 0.925 0.096 -0.060 0.246 
6: 18.142 -4.442 -0.938 0.053 -0.145 0.626 -0.137 0.064 0.514 -0.059 -0.013 0.604 
7: 18.531 -4.670 -1.976 -0.050 -0.619 0.254 -0.099 -0.040 0.933 0.566 0.025 0.299 
8: 20.484 -2.491 -1.163 0.271 -0.109 0.787 -0.372 -0.274 0.747 0.293 -0.014 0.134 
9: 15.612 -1.006 -0.441 0.188 -0.798 0.342 -0.937 -0.133 1.259 -0.164 0.480 -0.342 
10: 16.540 -1.291 -1.097 -0.141 -1.275 -0.616 -0.206 -0.313 1.040 0.118 0.191 0.013 
11: 17.337 -2.144 -0.506 -0.580 -1.853 -0.483 -0.336 -0.004 0.765 0.787 -0.243 -0.145 
12: 16.090 -2.565 -0.263 -0.489 -1.545 -0.859 -0.596 0.106 0.914 0.878 -0.450 -0.312 
13: 16.506 -2.887 -0.138 -0.122 -1.743 -0.805 -0.956 0.098 1.105 0.522 -0.305 -0.148 
14: 17.048 -2.824 -0.003 0.228 -1.634 -1.190 -1.030 0.003 1.043 0.330 -0.169 0.222 
15: 16.613 -2.900 0.004 0.547 -1.483 -1.242 -1.201 -0.400 0.986 0.169 0.065 0.450 
16: 16.398 -2.811 0.079 1.162 -1.249 -1.526 -0.891 -0.616 0.648 -0.153 -0.077 0.584 
17: 16.050 -3.008 0.317 1.592 -1.060 -0.997 -0.794 -1.115 0.010 -0.462 0.060 0.673 
18: 15.048 -3.057 0.781 2.148 -0.473 -1.092 -0.833 -1.502 0.358 -1.086 0.078 0.307 
19: 15.238 -2.604 1.294 2.823 -0.469 -1.358 -0.887 -0.952 0.922 -1.098 -0.650 -0.084 
20: 13.483 -2.423 1.498 2.520 0.588 -0.835 -0.781 -1.312 1.182 -1.340 -0.549 -0.348 
21: 17.742 -1.812 1.465 0.838 0.737 -0.113 -0.619 -0.038 0.456 -0.134 0.429 0.067 
22: 21.568 -1.756 2.190 0.752 0.412 -0.366 -0.352 -0.334 0.026 0.345 0.142 0.023 
23: 11.104 -2.133 1.980 0.574 0.203 -0.275 -0.142 0.064 0.383 0.286 0.080 0.017 
24: 5.443 -3.033 1.565 0.886 0.825 0.399 0.102 0.296 0.325 -0.179 -0.007 -0.357 
25: 16.189 -4.629 1.220 0.396 -0.207 0.263 -0.178 0.469 0.503 -0.479 -0.663 -0.867 
26: 14.673 -1.728 1.281 0.845 0.508 -0.234 -0.407 -1.707 0.762 -0.758 -0.364 0.043 
27: 17.568 -1.517 0.651 0.818 0.112 -0.258 -0.616 -2.152 0.969 -0.673 -0.470 0.193 
28: 16.449 -1.910 0.665 1.237 0.035 -0.491 -1.183 -1.776 0.548 -0.227 -0.269 -0.158 
29: 15.939 -2.251 0.610 1.656 -0.000 -0.745 -1.460 -1.642 0.317 -0.051 -0.172 -0.484 
30: 18.234 -2.009 0.303 1.309 0.103 -0.417 -1.351 -1.667 -0.257 -0.247 0.017 -0.200 
31: 17.586 -2.045 0.368 1.181 -0.004 -0.382 -1.333 -1.704 -0.157 -0.327 0.102 -0.101 
32: 16.870 -1.719 0.463 1.086 -0.022 -0.497 -1.393 -1.824 0.329 -0.262 0.203 -0.177 
33: 17.010 -1.417 0.490 0.444 0.002 -0.548 -1.065 -2.123 1.057 -0.179 -0.095 0.145 
34: 17.100 -1.150 0.434 0.208 0.024 -0.321 -1.104 -1.998 1.022 -0.207 -0.197 0.331 
35: 15.582 -0.968 0.747 -0.084 0.078 -0.253 -1.007 -2.008 1.111 -0.260 -0.152 0.353 
36: 17.351 -0.845 0.744 0.044 0.100 -0.513 -0.542 -2.000 0.959 -0.201 -0.242 0.600 
37: 12.591 -1.079 1.103 0.274 0.284 -0.589 -0.934 -1.246 0.561 -0.063 -0.245 0.695 
38: 17.217 -1.087 1.269 0.306 0.995 -0.950 -1.088 -0.727 0.504 -0.194 0.024 0.484 
39: 18.155 -1.784 1.578 0.320 1.316 -0.259 -1.783 -0.521 0.529 -0.169 0.384 0.284 
40: 16.728 -2.522 1.816 0.375 1.229 0.519 -1.630 -0.517 0.299 0.019 0.119 0.312 
41: 17.417 -1.732 1.707 0.387 1.454 0.366 -0.604 -0.708 0.091 0.144 0.190 -0.050 
42: 11.684 -3.804 2.538 -0.142 1.688 -0.065 0.222 -0.456 -0.036 0.184 0.168 0.203 
43: 10.696 -3.749 1.419 0.623 1.272 0.350 0.185 0.132 0.098 0.070 0.224 -0.194 
44: 18.694 -4.428 0.849 -0.006 0.025 -0.001 0.416 0.329 0.483 0.303 0.094 0.238 
45: 16.352 -5.688 0.526 -0.233 -0.347 -0.606 -0.057 0.306 0.131 -0.327 -0.142 -0.143 
46: 16.540 -5.353 0.135 -1.345 -0.422 -0.354 -0.334 -0.200 -0.168 -0.078 -0.280 -0.090 
47: 18.340 -4.966 0.216 -0.629 -0.068 -0.462 -0.525 -0.371 -0.137 -0.530 -0.103 0.137 
48: 18.718 -5.046 0.613 -0.170 -0.258 -0.083 -0.247 -0.214 -0.114 -0.152 -0.512 -0.458 
49: 19.654 -4.972 -0.165 -1.177 -0.557 -0.853 -0.778 -0.367 -0.575 -0.775 -0.063 0.095 
50: 15.954 -5.329 -0.110 -0.605 0.159 -0.060 -0.352 -0.390 -0.304 -0.027 0.237 0.023 
51: 17.083 -5.837 -0.091 -1.096 0.081 -0.452 -0.228 0.036 0.454 -0.270 -0.165 0.022 
52: 16.724 -5.410 -0.114 -0.987 0.103 -0.356 -0.397 0.032 -0.026 0.163 -0.195 -0.010 
53: 18.172 -5.044 0.601 -0.381 0.488 0.299 0.314 0.161 0.131 0.230 0.134 0.315 
54: 13.545 -3.268 1.920 0.336 0.387 0.387 0.577 0.326 0.528 -0.081 -0.102 0.071 
55: 16.479 -4.796 1.517 0.457 0.815 0.412 0.413 -0.571 0.210 -0.388 -0.171 -0.283 
56: 16.003 -3.463 2.052 0.816 0.564 0.391 0.231 -0.329 -0.102 -0.138 0.108 0.059 
57: 17.475 -3.976 1.768 0.735 0.805 0.392 0.314 0.069 -0.168 -0.107 0.150 0.163 
58: 6.939 -4.248 0.466 -0.058 0.624 0.218 0.487 0.387 0.407 0.061 -0.042 0.291 
59: 15.626 -5.912 0.266 -0.088 -0.217 -0.202 0.122 -0.024 0.309 -0.249 -0.370 0.044 
60: 11.116 -6.119 -0.219 -1.082 -0.442 -0.170 -0.198 -0.063 -0.133 -0.152 0.009 -0.307 
61: 16.577 -6.463 -0.729 -1.160 -0.511 -0.215 0.105 -0.419 0.063 -0.127 -0.164 -0.400 

0: 17.335 -6.482 -0.230 -0.567 -0.379 -0.561 -0.263 0.121 -0.336 -0.100 -0.105 0.069 
1: 17.960 -6.067 -0.568 -0.660 -0.278 -0.253 -0.253 -0.036 0.121 0.025 0.094 -0.213 
2: 19.090 -6.693 -1.318 -1.272 -0.377 -0.567 -0.234 0.208 0.057 -0.135 0.147 0.122 
3: 17.469 -6.618 -0.345 -0.737 -0.043 0.039 -0.035 0.088 0.236 -0.009 0.380 0.164 
4: 16.912 -6.619 -0.871 -1.251 -0.675 -0.250 -0.288 -0.167 -0.105 -0.274 -0.067 -0.055 
5: 16.934 -6.451 -0.885 -1.169 -0.444 -0.241 0.410 0.039 0.265 -0.191 -0.137 -0.211 
6: 17.260 -6.608 -0.430 -0.611 0.069 -0.424 0.024 0.381 0.228 -0.107 -0.344 -0.365 
7: 16.766 -6.771 -0.258 -0.843 -0.164 0.082 -0.094 -0.019 0.092 0.060 0.130 -0.090 
8: 17.501 -6.298 -0.752 -0.847 -0.135 -0.295 -0.090 0.285 -0.125 -0.125 -0.274 -0.086 
9: 17.575 -6.601 -0.617 -0.936 -0.519 -0.928 -0.573 -0.029 0.163 0.070 -0.140 -0.195 
10: 17.321 -6.354 -0.057 -0.718 -0.554 -0.564 -0.249 -0.314 -0.098 -0.188 0.118 -0.051 
11: 18.142 -6.567 -0.598 -0.808 -0.766 -0.932 -0.090 -0.094 -0.424 -0.378 0.041 -0.184 
12: 17.917 -6.141 -0.159 -0.423 -0.384 -0.558 -0.148 -0.633 -0.043 -0.062 -0.114 -0.319 
13: 15.192 -6.849 -0.968 -1.173 -0.330 -0.189 0.375 -0.247 0.009 -0.244 0.062 -0.085 
14: 15.647 -6.479 -0.502 -0.922 -0.418 -0.275 -0.070 0.000 0.201 -0.170 -0.175 0.004 
15: 17.084 -6.570 -0.702 -0.798 0.152 0.024 -0.082 -0.142 0.041 0.394 0.290 -0.199 
16: 18.621 -6.726 -0.697 -0.644 -0.365 -0.086 -0.067 -0.015 -0.028 -0.247 0.073 -0.295 
17: 17.667 -6.698 -0.088 -0.871 -0.355 -0.272 -0.125 0.197 0.068 -0.286 0.090 -0.240 
18: 17.169 -6.307 0.061 -0.203 -0.111 -0.375 0.199 0.186 -0.220 -0.072 -0.020 -0.043 
19: 17.066 -6.776 -0.432 -0.461 -0.360 -0.259 -0.187 -0.043 -0.116 -0.076 0.105 0.034 
20: 17.216 -6.572 -0.206 -0.634 -0.119 -0.272 -0.160 -0.401 -0.168 0.168 -0.109 0.148 
21: 17.404 -6.287 -0.421 -0.427 0.113 -0.130 -0.213 0.203 0.169 -0.030 -0.032 -0.446 
22: 18.825 -6.138 -0.759 -0.343 0.100 -0.241 -0.156 -0.258 0.305 0.073 -0.085 -0.099 
23: 17.768 -6.490 -0.550 -0.463 -0.009 0.171 -0.046 0.101 0.241 -0.151 -0.111 -0.041 
24: 17.013 -6.841 -0.559 -0.695 -0.569 -0.569 -0.043 0.089 -0.119 -0.036 0.274 0.025 
25: 16.835 -6.643 -0.601 -0.902 -0.430 -0.298 -0.249 0.029 0.012 -0.005 -0.361 -0.200 
26: 17.410 -6.411 -0.168 -0.442 0.196 0.140 -0.341 -0.169 -0.095 0.162 -0.085 -0.088 
27: 17.910 -6.482 -0.464 -0.841 -0.140 -0.253 -0.214 -0.201 -0.180 -0.238 -0.126 0.007 
28: 18.079 -6.568 -0.333 -0.642 0.028 -0.288 -0.398 0.072 0.252 -0.456 -0.564 -0.646 
29: 18.004 -6.272 -0.860 -0.997 -0.138 -0.204 -0.489 -0.052 0.062 0.080 0.053 -0.048 
30: 19.523 -6.411 -0.804 -0.955 -0.216 -0.432 -0.246 -0.209 -0.234 -0.245 -0.073 -0.153 
31: 18.190 -6.489 -0.486 -0.643 0.260 -0.257 -0.415 0.027 0.309 -0.075 -0.243 -0.291 
32: 17.180 -7.037 -0.595 -0.631 -0.330 -0.151 -0.354 -0.379 -0.029 0.097 0.055 -0.044 
33: 16.698 -6.721 -0.086 -0.177 0.078 -0.061 -0.406 -0.017 -0.200 0.188 0.005 -0.116 
34: 17.625 -6.697 -0.663 -0.954 -0.005 -0.549 -0.271 0.177 0.202 0.093 -0.163 -0.005 
35: 18.601 -6.318 -0.509 -0.674 -0.173 -0.663 0.005 0.022 -0.326 0.033 0.342 0.056 
36: 17.653 -6.847 -0.787 -0.668 0.081 -0.240 -0.048 0.054 -0.076 0.011 -0.306 -0.094 
37: 16.940 -6.813 -0.716 -0.915 -0.096 -0.130 -0.352 -0.304 -0.147 -0.142 -0.104 -0.324 
38: 18.307 -6.170 -0.656 -0.760 -0.299 -0.431 -0.430 -0.144 -0.298 -0.398 -0.201 -0.087 
39: 18.882 -6.427 -0.818 -0.422 -0.105 -0.105 -0.157 -0.287 -0.221 -0.427 -0.221 -0.262 
40: 18.462 -6.237 -0.189 -0.120 0.006 -0.174 -0.025 0.103 0.050 -0.267 0.139 -0.024 
41: 15.860 -6.353 -0.327 -0.577 0.223 -0.291 -0.302 -0.084 -0.065 -0.252 0.135 -0.143 
42: 15.779 -6.305 0.171 -0.561 -0.301 -0.146 -0.132 0.080 0.016 -0.028 -0.128 0.061 
43: 17.413 -6.468 -0.717 -0.677 -0.200 -0.040 0.084 0.144 0.397 0.165 0.114 -0.312 
44: 16.887 -6.613 -0.721 -0.649 -0.186 -0.139 0.316 0.317 0.239 0.222 0.306 -0.214 
45: 18.319 -5.860 -0.544 -0.612 -0.070 -0.106 0.116 -0.077 -0.049 -0.129 0.026 0.176 
46: 17.404 -6.331 -0.159 -0.523 0.021 -0.135 0.046 -0.175 -0.326 -0.101 0.024 -0.204 
47: 16.186 -6.752 -0.161 -0.275 -0.239 -0.681 -0.392 0.003 0.055 -0.219 -0.120 -0.298 
48: 16.942 -6.561 -0.937 -0.914 -0.627 -0.428 -0.375 -0.183 -0.066 -0.147 -0.020 -0.182 
49: 18.461 -6.110 -0.261 -0.191 0.194 0.178 -0.001 -0.035 -0.100 -0.293 -0.171 0.111 
50: 17.822 -6.418 -0.466 -0.531 -0.065 -0.432 -0.078 0.243 0.018 -0.141 -0.006 0.207 
51: 17.468 -6.192 -0.341 -0.618 0.296 -0.202 -0.181 -0.237 -0.096 0.089 -0.179 0.026 
52: 16.790 -6.491 -0.463 -0.832 -0.494 -0.038 0.035 -0.082 0.188 0.214 -0.063 0.119 
53: 16.768 -6.324 -0.351 -0.420 -0.049 -0.463 -0.362 -0.291 -0.287 -0.150 -0.209 -0.351 
54: 15.023 -6.688 -0.167 -0.308 -0.019 -0.205 -0.194 0.009 -0.274 -0.228 -0.415 -0.535 
55: 14.983 -6.373 -0.723 -0.903 -0.004 -0.196 -0.010 0.022 0.047 -0.026 0.183 -0.065 
56: 18.331 -6.669 -0.554 -0.469 -0.009 -0.362 -0.045 0.154 0.111 0.015 0.004 0.257 
57: 18.013 -6.576 -0.617 -0.446 -0.042 -0.596 -0.667 -0.335 0.114 -0.053 -0.012 -0.110 
58: 18.004 -6.545 -0.852 -0.514 0.080 -0.178 -0.076 -0.160 0.083 -0.287 0.103 0.030 
59: 18.292 -6.261 -0.348 -0.712 -0.354 -0.702 -0.396 -0.096 -0.388 -0.099 0.067 0.062 
60: 17.145 -6.633 -0.555 -0.280 0.386 0.052 0.143 0.197 0.312 -0.081 -0.289 -0.144 
61: 16.735 -6.588 -0.234 -0.800 -0.161 0.026 -0.065 -0.209 0.137 0.223 0.144 -0.273 

0: 17.381 -1.425 -1.021 0.016 -1.150 -0.959 -0.403 0.361 0.861 0.135 0.276 0.043 
1: 16.485 -1.868 -0.744 0.113 -1.117 -1.277 -0.273 0.243 0.838 -0.082 0.302 0.284 
2: 16.723 -1.932 -0.305 -0.143 -0.820 -1.032 -0.544 0.107 0.439 0.168 0.072 0.286 
3: 16.537 -1.821 -0.226 0.201 -0.553 -0.774 -0.953 -0.429 0.273 0.063 0.222 0.400 
4: 16.599 -2.188 -0.012 0.259 0.006 -0.788 -0.811 -0.744 -0.263 0.009 0.082 0.517 
5: 17.245 -1.969 -0.231 0.732 -0.293 -0.571 -0.306 -1.008 -0.426 -0.765 0.127 0.387 
6: 17.953 -1.943 0.198 1.091 -0.149 -0.743 0.042 -0.678 -0.538 -0.986 -0.206 0.007 
7: 17.203 -1.915 0.814 1.042 -0.309 -0.548 -0.300 -0.150 -0.668 -0.546 -0.551 -0.141 
8: 18.606 -1.553 1.311 0.207 0.080 0.112 -0.268 -0.049 -0.063 -0.846 -0.507 -0.256 
9: 12.082 -2.271 1.328 1.565 0.507 0.232 -0.635 0.151 0.472 -0.756 -0.381 -0.194 
10: 11.727 -2.362 1.368 0.952 0.910 0.400 0.251 0.297 0.200 0.172 0.200 0.366 
11: 10.363 -2.362 1.811 0.815 1.039 0.618 -0.130 0.107 -0.023 0.362 0.030 -0.047 
12: 5.743 -2.988 0.878 0.633 0.215 0.679 -0.088 0.413 0.184 -0.141 -0.158 -0.233 
13: 16.087 -2.234 0.658 0.575 0.032 0.323 -0.324 -0.114 0.074 -0.391 -0.389 -0.486 
14: 17.915 -1.448 0.688 0.457 -0.218 -0.082 -0.111 -0.327 -0.087 -0.274 -0.359 0.043 
15: 18.809 -2.360 1.417 0.249 0.025 -0.309 -0.121 -0.374 -0.582 -0.743 -0.596 0.051 
16: 18.382 -2.296 1.425 0.284 0.566 -0.394 -0.430 -0.732 -0.877 -0.489 -0.239 0.241 
17: 19.033 -1.797 1.201 0.139 0.493 -0.152 -0.410 -0.867 -0.738 -0.613 -0.355 0.233 
18: 18.565 -1.301 0.666 -0.029 0.224 -0.594 -0.243 -0.948 -0.461 -0.152 -0.200 0.520 
19: 18.056 -1.405 0.876 -0.253 0.541 -0.833 -0.234 -0.597 -0.338 -0.202 -0.216 0.449 
20: 18.615 -1.133 0.914 -0.346 0.586 -0.920 -0.108 -0.500 -0.369 -0.226 -0.257 0.603 
21: 14.567 -1.268 0.750 -0.298 0.425 -0.244 -0.192 -0.999 -0.021 -0.194 -0.249 0.648 
22: 16.989 -1.136 1.052 -0.532 0.752 -0.377 -0.222 -0.966 -0.176 0.052 -0.228 0.579 
23: 18.216 -0.746 0.730 0.063 0.527 -0.224 -0.104 -1.310 -0.090 0.236 -0.119 0.410 
24: 17.897 -1.249 0.987 -0.005 0.953 -0.269 -0.370 -1.401 0.316 0.248 -0.068 0.327 
25: 16.186 -2.102 2.561 -0.363 0.531 0.602 -1.316 -0.643 0.135 0.386 -0.178 0.120 
26: 15.633 -1.223 2.631 -0.208 0.495 0.163 -0.465 -1.152 0.305 0.465 -0.251 0.277 
27: 10.367 -0.817 2.321 -0.202 0.698 0.350 0.158 -1.013 0.144 0.040 -0.007 0.349 
28: 10.061 -2.733 3.175 -0.740 1.534 0.145 0.086 -0.602 -0.074 0.358 -0.057 0.107 
29: 12.715 -2.823 1.607 0.259 0.906 -0.258 0.637 -0.353 0.233 0.427 0.017 -0.084 
30: 10.316 -2.026 1.423 -0.318 0.702 0.579 0.618 0.176 0.215 0.459 0.146 -0.115 
31: 8.944 -3.313 0.756 -0.691 0.515 0.817 0.338 0.368 0.306 0.333 0.258 0.027 
32: 10.826 -3.621 0.392 -1.171 -0.060 0.075 0.497 0.173 0.039 0.641 0.496 -0.104 
33: 11.749 -4.014 0.332 -1.287 -0.502 0.149 0.357 0.072 0.489 0.381 0.615 0.392 
34: 13.143 -4.539 -0.165 -1.250 0.099 0.243 0.400 0.254 0.277 0.019 -0.247 -0.338 
35: 16.565 -4.052 -0.042 -1.066 -0.483 -0.314 0.131 -0.043 0.214 0.293 -0.091 -0.234 
36: 17.669 -4.316 -0.042 -1.306 -0.656 -0.257 0.395 -0.492 -0.001 -0.073 -0.015 0.032 
37: 16.694 -4.676 -0.074 -1.413 -0.714 -0.107 -0.068 -0.597 -0.103 0.259 -0.122 0.025 
38: 16.199 -4.533 0.369 -1.421 -0.543 0.108 0.340 -0.387 -0.401 0.129 0.074 -0.362 
39: 16.677 -4.534 -0.708 -1.495 -0.509 -0.335 0.342 -0.344 -0.163 -0.105 -0.433 0.033 
40: 17.563 -4.195 -0.248 -1.540 -0.477 0.031 0.080 -0.358 -0.186 0.290 0.125 -0.105 
41: 17.118 -4.403 0.435 -1.291 -0.033 -0.030 0.462 0.021 -0.097 0.323 0.281 -0.085 
42: 17.865 -3.795 0.480 -0.998 -0.064 0.069 0.298 -0.181 0.030 -0.052 0.077 0.124 
43: 18.979 -3.457 0.311 -0.909 0.051 0.428 0.713 0.242 0.265 0.066 0.138 0.141 
44: 17.670 -4.179 -0.366 -1.207 -0.539 -0.160 0.394 -0.071 0.100 0.337 0.367 -0.014 
45: 17.702 -2.940 0.664 -1.095 -0.246 0.091 0.953 0.846 0.609 0.021 0.046 0.026 
46: 15.148 -2.914 0.795 -0.476 0.431 -0.032 0.623 0.115 0.214 0.318 -0.070 -0.083 
47: 19.293 -2.196 0.919 -1.221 -0.205 -0.064 0.501 0.235 -0.055 0.122 0.065 -0.405 
48: 18.919 -1.733 1.487 -0.888 -0.068 -0.326 0.566 0.250 0.015 0.191 0.097 -0.509 
49: 17.644 -2.473 1.106 -0.163 0.022 -0.002 0.732 0.453 0.011 0.334 0.222 -0.382 
50: 21.344 -1.346 1.363 -0.392 0.118 -0.019 0.446 0.448 -0.041 0.036 -0.033 -0.438 
51: 16.326 -2.993 1.108 -0.313 -0.152 0.319 0.574 -0.118 0.060 0.089 -0.174 -0.044 
52: 16.210 -4.341 0.053 -1.255 -0.549 -0.226 0.044 -0.169 -0.004 0.074 0.140 -0.295 
53: 16.883 -3.950 0.018 -1.013 -0.153 -0.104 0.665 -0.390 0.121 0.347 0.184 0.052 
54: 15.078 -4.333 -0.096 -1.627 -0.397 0.269 0.062 -0.306 -0.125 -0.094 0.112 0.104 
55: 17.971 -4.017 0.166 -0.950 0.049 0.206 0.062 -0.175 -0.007 0.393 0.217 -0.214 
56: 18.321 -4.159 0.695 -0.439 -0.158 0.222 0.579 -0.097 0.520 0.400 0.044 -0.016 
57: 19.003 -3.635 0.848 -0.170 0.132 0.173 0.393 -0.127 -0.303 0.003 0.040 -0.179 
58: 16.287 -4.064 1.069 -0.260 -0.232 0.043 0.373 0.079 -0.259 0.094 -0.243 -0.176 
59: 16.815 -3.512 1.301 -0.330 -0.167 -0.347 0.072 0.055 -0.064 0.176 -0.043 -0.072 
60: 19.000 -4.248 0.201 -1.177 -0.537 -0.379 0.246 0.243 0.027 0.005 0.116 -0.233 
61: 18.370 -4.254 0.277 -0.739 -0.104 -0.217 0.318 -0.044 0.424 0.302 0.416 0.011 

0: 18.776 -1.772 0.627 0.133 -0.464 -0.275 0.152 -0.449 -0.365 -0.659 -0.426 -0.267 
1: 11.957 -1.270 1.124 0.373 0.014 -0.121 -0.133 -0.096 0.019 -0.707 -0.323 -0.563 
2: 13.368 -1.502 1.239 1.105 0.803 0.310 -0.101 -0.392 0.277 0.314 0.143 -0.185 
3: 10.526 -1.581 1.648 0.910 0.535 0.289 0.269 -0.002 0.275 0.220 -0.141 -0.113 
4: 11.815 -1.891 1.355 0.463 0.614 0.693 0.388 0.033 0.838 0.860 0.509 0.037 
5: 5.044 -1.402 0.815 0.296 0.346 0.125 0.206 0.297 0.459 0.208 -0.061 -0.223 
6: 16.317 -1.612 -0.408 -0.170 -0.141 0.029 -0.049 0.112 -0.046 0.004 -0.028 -0.092 
7: 18.087 -1.457 -0.135 -0.033 -0.533 -0.149 0.076 -0.327 -0.227 -0.285 -0.223 -0.135 
8: 19.235 -1.195 -0.055 -0.069 -0.374 -0.226 -0.216 -0.648 -0.399 -0.423 -0.005 -0.230 
9: 19.120 -2.199 0.237 0.713 0.032 -0.336 -0.233 -0.648 -0.732 -0.116 -0.481 0.052 
10: 18.876 -1.521 0.037 0.542 0.071 -0.217 0.113 -1.025 -0.502 -0.725 -0.266 0.018 
11: 18.849 -1.658 -0.042 0.345 0.179 -0.102 -0.390 -0.863 -0.748 -0.424 -0.163 0.276 
12: 18.883 -1.951 -0.145 0.124 -0.128 -0.423 -0.432 -1.079 -0.245 0.100 0.015 0.013 
13: 17.876 -1.675 0.046 0.225 0.040 -0.757 -0.531 -0.989 -0.131 0.360 -0.158 0.057 
14: 16.974 -1.292 -0.317 0.784 -0.340 -0.573 -0.635 -1.030 0.021 0.361 -0.031 0.028 
15: 18.101 -1.294 -0.057 0.544 -0.015 -0.665 -0.689 -1.003 0.023 0.458 -0.172 0.190 
16: 18.139 -1.063 -0.008 0.521 0.196 -0.525 -0.878 -0.920 -0.046 0.612 -0.223 0.318 
17: 18.779 -1.039 0.154 0.344 0.459 -0.555 -0.672 -0.976 -0.053 0.401 -0.285 0.626 
18: 17.731 -0.998 0.519 0.021 0.689 -0.477 -0.405 -0.788 -0.342 0.424 -0.492 0.955 
19: 18.335 -0.791 1.011 -0.167 0.691 -0.148 -0.647 -0.661 -0.306 0.373 -0.210 0.410 
20: 19.557 -1.820 2.218 -0.336 0.455 0.213 -1.031 -0.489 -0.120 0.474 -0.162 0.065 
21: 19.499 -1.103 1.626 -0.156 1.161 -0.040 -0.574 -1.000 -0.096 0.865 -0.538 0.368 
22: 8.409 -1.138 2.322 0.007 1.283 0.204 -0.368 -0.872 -0.137 0.548 -0.150 0.284 
23: 15.500 -1.549 2.825 -0.384 0.892 0.775 -0.160 0.187 -0.562 0.923 -0.309 -0.328 
24: 13.181 -1.637 2.160 -0.267 0.849 0.754 0.450 0.101 -0.048 0.542 0.179 0.051 
25: 6.086 -2.716 1.383 0.061 0.645 0.966 0.729 0.180 0.151 0.377 0.305 -0.188 
26: 12.869 -3.587 0.085 -0.792 0.321 0.640 0.201 -0.250 -0.287 0.896 0.802 -0.243 
27: 16.651 -3.992 0.051 -1.340 0.314 0.543 0.248 -0.143 -0.062 0.410 0.207 -0.131 
28: 16.231 -3.934 0.647 -1.401 -0.248 0.128 0.169 -0.470 -0.089 0.005 -0.157 -0.265 
29: 14.557 -4.178 0.428 -1.243 -0.360 0.161 0.167 -0.141 -0.185 0.236 0.115 -0.196 
30: 16.430 -4.227 0.239 -1.179 -0.229 0.095 0.318 -0.408 -0.119 -0.014 -0.213 0.104 
31: 16.650 -4.307 0.180 -0.993 -0.400 0.057 -0.018 0.055 0.119 0.010 -0.016 -0.325 
32: 15.720 -4.535 0.353 -1.171 -0.612 -0.311 0.094 -0.387 -0.424 -0.090 0.030 -0.259 
33: 15.048 -4.966 -0.430 -1.543 -0.577 -0.676 -0.178 -0.197 -0.110 0.261 0.269 0.174 
34: 15.952 -4.189 0.329 -0.868 -0.353 -0.108 0.109 -0.250 -0.199 0.186 -0.096 -0.140 
35: 15.917 -4.396 0.183 -1.462 -0.811 0.051 0.256 -0.226 -0.304 0.173 -0.165 -0.131 
36: 16.990 -4.565 -0.486 -1.176 -0.603 -0.475 0.141 -0.195 -0.048 0.107 0.116 -0.048 
37: 16.436 -4.192 0.048 -1.390 -0.547 -0.263 0.014 0.078 -0.117 0.020 0.049 -0.362 
38: 16.396 -4.562 -0.327 -1.559 -0.220 0.102 -0.301 -0.399 -0.138 0.257 -0.053 -0.127 
39: 16.447 -4.158 -0.256 -1.416 -0.545 -0.244 0.167 -0.280 0.093 0.263 0.133 -0.000 
40: 17.662 -4.162 -0.057 -1.120 -0.353 -0.129 0.219 -0.307 -0.182 0.653 -0.065 -0.115 
41: 15.870 -4.539 0.004 -1.039 -0.370 0.073 0.108 -0.221 -0.264 -0.071 0.116 -0.114 
42: 16.292 -4.483 -0.023 -1.107 -0.294 -0.342 0.251 0.080 -0.089 0.022 -0.056 -0.036 
43: 16.092 -4.386 0.166 -1.122 -0.457 -0.391 -0.096 -0.499 -0.360 -0.067 0.096 -0.124 
44: 16.559 -4.832 -0.665 -1.237 0.097 -0.532 -0.215 -0.032 0.143 0.047 0.016 -0.300 
45: 16.655 -4.644 -0.399 -1.317 -0.553 -0.575 0.206 -0.317 -0.114 0.094 0.111 -0.121 
46: 17.467 -4.642 -0.250 -1.650 -0.503 -0.336 -0.276 -0.316 -0.336 -0.040 0.208 0.002 
47: 17.424 -4.644 0.014 -0.993 -0.400 -0.055 0.081 -0.047 -0.365 -0.108 0.061 -0.168 
48: 17.351 -4.997 -0.057 -0.816 -0.637 -0.016 0.417 -0.527 -0.352 -0.142 -0.092 -0.203 
49: 16.648 -4.851 -0.005 -1.119 -0.554 0.001 0.374 0.112 -0.261 -0.081 0.223 -0.274 
50: 16.867 -4.718 -0.239 -1.312 -0.191 -0.616 0.033 -0.225 -0.266 -0.120 0.096 0.118 
51: 17.048 -5.203 -0.521 -1.672 -0.916 -0.731 -0.340 -0.235 -0.197 -0.332 0.029 -0.155 
52: 18.179 -4.776 -0.400 -0.764 -0.085 0.014 0.446 -0.234 -0.667 -0.179 -0.111 0.013 
53: 16.787 -5.583 -0.233 -1.309 -0.822 -0.282 0.027 -0.296 -0.056 0.034 -0.231 -0.051 
54: 17.175 -5.100 -0.561 -1.036 -0.182 -0.258 0.198 -0.012 -0.038 0.256 0.310 -0.145 
55: 17.592 -5.136 -0.302 -1.090 -0.606 -0.250 -0.125 -0.205 -0.340 -0.040 -0.141 -0.072 
56: 17.651 -5.302 -0.617 -1.205 -0.417 -0.459 -0.082 0.083 -0.141 0.017 -0.090 0.027 
57: 17.702 -4.940 -0.248 -1.409 -0.547 -0.260 0.120 -0.193 -0.300 -0.075 -0.023 -0.126 
58: 17.748 -5.333 -0.729 -1.309 -0.389 -0.189 -0.007 0.010 -0.277 -0.076 -0.005 -0.447 
59: 17.945 -5.178 -0.246 -0.843 -0.292 -0.590 0.084 -0.357 -0.005 -0.000 -0.251 -0.188 
60: 17.120 -5.573 -0.354 -0.901 -0.619 -0.400 0.061 -0.236 -0.192 -0.037 -0.233 -0.097 
61: 16.817 -5.446 0.155 -0.896 -0.823 -0.404 0.075 0.073 -0.315 -0.050 0.315 -0.041 

0: 17.788 -3.477 -1.052 -0.693 -0.135 -0.425 -0.727 -0.578 0.225 -0.205 0.093 0.169 
1: 18.894 -4.041 -0.520 -0.230 -0.204 0.054 -0.296 -0.241 0.182 0.058 0.000 0.307 
2: 19.141 -2.873 0.157 1.406 0.572 0.228 -0.745 -0.422 0.450 0.215 -0.215 -0.408 
3: 20.388 -0.695 0.428 1.650 0.403 0.562 -0.546 -0.474 -0.271 -0.106 -0.052 -0.405 
4: 16.234 -1.838 -0.886 1.058 0.711 1.106 0.298 -0.150 0.601 0.228 -0.267 -0.092 
5: 21.618 -2.740 -2.039 -0.365 0.341 0.508 0.125 0.171 1.162 0.126 -0.408 -0.482 
6: 14.734 -1.411 -0.855 -0.014 0.424 -0.230 -0.106 -0.155 0.893 0.594 0.212 0.050 
7: 17.224 -1.333 -0.786 -0.267 -0.994 -0.129 -0.291 -0.026 0.764 0.272 0.190 0.120 
8: 17.237 -1.474 -1.292 -0.264 -1.125 -0.743 -0.615 0.654 0.566 0.227 0.058 0.247 
9: 17.434 -2.143 -0.602 -0.336 -0.926 -1.136 -0.552 0.409 0.721 0.257 -0.065 0.266 
10: 16.572 -2.326 -0.323 -0.229 -0.992 -1.242 -0.647 0.364 0.696 0.245 -0.097 0.184 
11: 16.236 -2.406 -0.080 -0.277 -0.825 -1.038 -0.907 -0.060 0.719 0.354 0.077 0.284 
12: 16.046 -2.531 0.016 -0.080 -0.472 -0.877 -1.103 -0.618 0.343 0.364 0.488 0.232 
13: 15.247 -2.008 -0.309 0.761 -0.590 -0.806 -0.805 -0.891 0.152 -0.149 0.511 0.361 
14: 16.612 -1.993 -0.237 0.854 -0.686 -0.659 -0.651 -1.019 -0.001 -0.500 0.541 0.091 
15: 17.219 -2.158 -0.077 1.179 -0.720 -0.256 -0.825 -0.797 -0.704 -0.528 0.105 0.429 
16: 17.604 -2.037 0.190 1.507 -0.116 0.048 -0.463 -0.660 -1.047 -0.954 -0.291 0.121 
17: 19.726 -1.412 0.503 1.096 0.045 -0.104 -0.241 -0.049 -0.494 -1.010 -0.528 -0.267 
18: 14.280 -1.034 0.798 1.545 0.700 -0.856 -0.220 -0.187 0.270 -0.012 -0.408 0.130 
19: 14.129 -1.871 0.865 0.782 1.352 0.384 0.466 0.402 0.493 0.688 -0.118 -0.008 
20: 8.926 -1.986 1.417 0.961 1.470 0.356 0.195 -0.184 0.211 0.285 0.332 -0.028 
21: 20.874 -2.172 1.643 0.598 0.867 0.599 0.021 0.090 0.179 0.182 -0.013 -0.541 
22: 8.228 -2.816 -0.420 0.147 -0.529 0.450 0.550 0.795 0.517 -0.017 -0.430 0.032 
23: 17.447 -2.035 -0.204 0.568 -0.402 0.368 0.377 0.370 0.176 -0.418 -0.661 -0.194 
24: 20.119 -0.985 0.752 0.222 -0.004 -0.174 -0.403 -0.316 -0.067 -0.388 -0.379 0.155 
25: 17.729 -1.951 0.750 0.726 0.107 -0.319 -0.566 -0.545 -0.847 -0.358 -0.402 0.271 
26: 17.818 -2.264 0.538 0.725 0.541 -0.110 -0.427 -0.964 -1.126 -0.465 -0.235 0.223 
27: 18.250 -1.866 0.303 0.603 0.194 -0.215 -0.551 -1.451 -0.656 -0.316 0.139 0.667 
28: 18.736 -1.465 0.067 0.655 0.000 -0.414 -0.577 -1.070 -0.459 0.001 -0.119 0.560 
29: 18.022 -1.470 0.341 0.142 0.293 -0.559 -0.417 -0.863 -0.363 0.058 -0.171 0.478 
30: 18.426 -1.407 0.594 -0.053 0.386 -0.532 -0.362 -0.990 -0.041 -0.202 -0.208 0.610 
31: 17.638 -1.428 0.937 -0.208 0.461 -0.615 -0.205 -0.938 -0.008 -0.282 -0.363 1.015 
32: 19.112 -1.505 0.802 -0.373 0.721 -0.685 -0.196 -0.811 -0.214 0.151 -0.582 0.852 
33: 19.287 -1.289 0.667 -0.413 0.810 -0.362 -0.217 -1.142 -0.065 0.179 -0.449 0.654 
34: 16.975 -1.706 1.058 0.076 0.167 0.354 -1.035 -0.526 -0.108 0.064 -0.002 -0.103 
35: 19.339 -1.369 1.129 0.306 0.761 -0.160 -1.052 -0.710 0.212 0.294 -0.206 0.140 
36: 17.275 -1.131 1.353 -0.017 1.383 -0.159 -0.786 -1.145 0.349 0.174 -0.227 0.725 
37: 18.551 -1.238 1.352 0.236 1.064 -0.121 -0.368 -0.664 0.099 0.404 -0.562 0.162 
38: 12.038 -1.097 1.993 0.445 1.338 -0.036 -0.306 -0.428 0.146 0.226 -0.091 -0.057 
39: 7.290 -3.436 2.913 -0.558 1.204 0.552 -0.291 0.333 0.365 0.311 0.023 -0.303 
40: 12.686 -2.033 1.637 -0.067 0.501 0.615 0.603 0.047 0.389 0.471 0.076 -0.195 
41: 15.576 -3.138 0.623 -0.712 0.158 0.346 0.607 -0.112 0.260 0.516 0.209 -0.162 
42: 12.090 -3.861 -0.014 -1.071 -0.619 -0.024 0.296 -0.067 0.028 0.257 0.402 0.001 
43: 16.346 -4.019 -0.194 -1.051 -0.220 -0.158 0.375 -0.193 0.150 -0.016 -0.192 0.013 
44: 14.076 -4.169 -0.011 -0.952 -0.336 0.156 0.601 -0.191 0.052 0.212 -0.075 -0.076 
45: 16.407 -4.156 -0.060 -1.463 -0.283 -0.293 -0.021 -0.401 0.007 0.017 -0.045 0.065 
46: 16.277 -4.323 -0.472 -1.183 -0.756 -0.346 0.250 -0.415 -0.155 -0.053 0.293 0.083 
47: 16.698 -4.136 0.034 -1.089 -0.339 -0.534 0.297 -0.345 -0.098 0.080 -0.241 0.115 
48: 15.925 -4.151 -0.310 -1.743 -0.568 -0.189 0.129 -0.089 -0.151 0.013 0.246 0.060 
49: 17.273 -3.945 0.238 -1.481 -0.609 -0.496 0.232 -0.272 -0.223 0.036 0.009 -0.235 
50: 17.083 -4.245 0.105 -1.330 -0.869 -0.716 0.707 -0.376 -0.359 0.381 0.072 -0.066 
51: 16.552 -4.193 -0.053 -1.581 -0.677 -0.577 -0.044 -0.407 -0.479 -0.059 -0.242 -0.340 
52: 16.336 -4.408 -0.417 -1.298 -0.509 -0.052 -0.153 0.099 0.233 0.039 0.122 -0.051 
53: 17.925 -3.970 -0.110 -1.221 -0.008 -0.189 -0.162 -0.181 0.070 -0.175 0.065 -0.515 
54: 17.667 -4.418 -0.385 -1.592 -0.633 -0.229 0.207 -0.040 -0.183 0.058 0.251 -0.056 
55: 16.284 -4.080 -0.194 -1.350 -0.723 -0.250 -0.032 -0.294 -0.229 -0.094 0.033 -0.122 
56: 15.655 -4.176 -0.320 -1.652 -0.436 -0.401 -0.008 -0.215 -0.047 0.156 0.000 -0.008 
57: 16.507 -4.472 -0.221 -1.472 -0.353 0.019 0.105 -0.161 -0.153 0.164 0.026 -0.167 
58: 17.621 -3.339 0.101 -1.063 0.069 0.144 0.275 -0.510 0.273 0.252 -0.102 -0.169 
59: 18.218 -4.108 0.020 -1.295 -0.359 0.148 0.254 -0.105 0.047 0.389 0.166 0.132 
60: 17.171 -4.240 0.207 -1.089 -0.412 0.133 0.439 0.069 -0.036 0.211 0.301 -0.154 
61: 16.320 -4.553 -0.105 -1.547 -0.416 -0.148 0.276 -0.352 0.030 -0.048 0.041 0.046 

0: 18.479 -6.185 -0.340 -0.786 -0.182 0.433 0.143 0.222 -0.166 -0.192 0.033 -0.287 
1: 18.156 -6.636 -0.223 -0.361 0.099 0.274 0.060 0.183 0.031 -0.109 -0.287 -0.212 
2: 17.761 -6.293 -0.080 -0.237 -0.325 0.229 0.098 -0.083 -0.195 -0.368 -0.166 0.025 
3: 18.065 -5.883 0.073 -0.424 -0.180 0.088 -0.218 -0.450 -0.332 -0.143 0.128 -0.031 
4: 18.311 -5.408 -0.578 -0.591 -0.121 -0.635 -0.347 -0.245 -0.025 0.269 0.240 -0.104 
5: 18.841 -5.571 -0.506 -0.834 0.262 0.191 -0.130 -0.073 0.288 0.119 0.009 0.111 
6: 19.391 -5.551 -0.196 -0.714 0.067 -0.243 -0.041 -0.226 -0.253 -0.030 -0.043 0.120 
7: 19.149 -5.156 -0.023 -0.474 -0.115 -0.203 -0.041 -0.298 -0.447 -0.603 -0.007 -0.314 
8: 18.212 -5.985 -0.391 -0.639 -0.046 -0.278 -0.287 -0.375 0.094 -0.090 -0.239 -0.535 
9: 18.311 -5.977 0.259 -0.285 0.552 0.237 -0.067 -0.174 -0.235 -0.187 -0.237 -0.404 
10: 10.265 -4.802 -2.207 -0.923 0.012 -0.023 -0.522 -0.756 0.138 -0.267 -0.375 -0.347 
11: 16.600 -4.270 -1.804 -0.138 -0.236 0.406 -0.971 -0.723 0.373 -0.194 -0.029 -0.070 
12: 19.262 -3.263 -0.168 0.946 0.153 0.135 -1.148 -0.526 0.326 -0.056 0.424 0.091 
13: 21.333 -1.515 0.336 1.553 0.673 0.508 -0.469 0.252 0.305 -0.342 -0.307 -0.432 
14: 12.596 -2.073 -0.734 1.137 -0.256 0.537 -0.160 0.165 0.887 0.481 -0.029 0.139 
15: 16.498 -1.803 -1.803 0.898 -0.445 0.037 -0.272 0.796 1.352 0.636 0.445 0.043 
16: 17.947 -1.287 -1.372 -0.211 -0.705 -0.096 -0.224 0.101 0.824 0.178 0.681 -0.744 
17: 16.351 -1.553 -1.050 -0.256 -1.177 -0.500 -0.114 0.501 0.326 0.354 0.263 -0.031 
18: 17.324 -1.777 -0.991 -0.456 -1.038 -0.940 -0.247 0.741 0.572 0.128 0.087 0.146 
19: 16.688 -2.014 -0.803 -0.403 -0.985 -1.105 -0.484 0.526 0.630 0.129 0.106 0.154 
20: 16.157 -1.827 -0.823 -0.148 -1.023 -1.222 -0.667 0.364 0.661 0.379 -0.032 0.112 
21: 17.124 -2.178 -0.663 -0.136 -0.911 -1.042 -0.911 0.012 0.580 0.394 0.244 0.259 
22: 16.916 -2.047 -0.534 0.325 -0.579 -1.141 -0.973 -0.606 0.282 0.282 0.651 0.238 
23: 17.120 -2.375 -0.290 1.286 -0.793 -0.941 -0.887 -0.675 -0.057 -0.082 0.437 0.342 
24: 16.695 -2.369 -0.265 1.360 -0.827 -0.778 -0.697 -0.967 -0.464 -0.411 0.664 0.132 
25: 15.931 -2.514 0.173 1.528 -0.554 -0.325 -0.735 -0.994 -0.947 -0.717 0.130 0.455 
26: 17.728 -2.585 0.805 1.772 -0.275 -0.531 -0.443 -0.770 -0.720 -0.965 -0.068 0.238 
27: 18.516 -2.318 1.167 1.896 0.229 -0.505 -0.289 -0.414 -0.325 -1.066 -0.210 0.029 
28: 11.537 -1.681 1.352 1.808 0.588 -0.221 -0.196 -0.066 0.312 -0.550 -0.023 -0.158 
29: 15.712 -1.760 1.185 1.144 0.566 -0.025 0.425 0.295 0.500 0.084 0.299 -0.131 
30: 11.814 -1.462 1.586 0.338 1.009 0.415 0.290 0.039 0.061 -0.078 -0.152 -0.151 
31: 5.157 -3.080 1.140 0.806 0.347 0.221 -0.032 0.153 0.051 -0.108 -0.059 -0.048 
32: 17.315 -2.476 0.737 0.959 0.128 -0.009 -0.395 -0.475 -0.398 -0.602 -0.045 -0.210 
33: 18.177 -1.201 0.196 1.109 -0.039 0.173 -0.524 -1.012 -0.506 -0.516 -0.197 -0.172 
34: 19.517 -1.812 0.310 1.367 0.015 -0.395 -0.551 -1.083 -0.615 -0.439 -0.319 0.042 
35: 18.647 -2.157 0.432 1.619 0.318 -0.264 -0.920 -1.584 -0.722 -0.160 0.188 0.182 
36: 17.703 -2.141 0.014 1.275 -0.139 -0.434 -0.947 -1.277 -0.590 0.084 0.164 0.526 
37: 18.492 -1.774 -0.163 1.010 0.048 -0.645 -0.765 -1.112 -0.265 0.106 -0.144 0.704 
38: 18.155 -1.838 0.202 0.733 0.299 -0.741 -0.699 -1.054 -0.052 0.083 -0.254 0.775 
39: 19.102 -1.901 0.257 0.835 0.537 -0.720 -0.922 -1.215 0.290 0.256 -0.493 0.762 
40: 18.043 -1.604 0.388 0.767 0.633 -0.881 -0.803 -1.258 0.520 0.169 -0.513 0.776 
41: 19.579 -1.436 0.685 0.382 0.760 -0.911 -0.926 -0.847 0.417 0.178 -0.495 0.654 
42: 18.189 -1.217 1.152 0.383 0.387 -0.694 -0.914 -0.535 0.331 -0.036 -0.235 0.342 
43: 16.994 -0.813 1.001 0.208 1.072 -0.883 -0.948 -0.678 0.553 0.019 -0.086 0.168 
44: 12.710 -1.885 1.679 0.088 0.361 0.819 -2.021 -0.307 0.570 -0.112 0.208 -0.197 
45: 13.602 -0.797 1.376 -0.223 1.118 0.575 -1.135 -1.057 0.857 -0.004 -0.211 0.146 
46: 17.117 -0.962 1.979 -0.303 1.174 0.557 -0.676 -0.650 0.264 0.349 -0.414 -0.192 
47: 13.742 -1.297 1.748 -0.544 1.253 0.798 -0.381 -0.059 0.396 0.296 -0.322 -0.458 
48: 8.423 -2.854 1.771 -0.601 1.394 0.718 0.537 0.080 0.367 0.353 0.095 -0.118 
49: 10.242 -3.269 0.861 -0.525 0.253 0.369 0.735 0.337 -0.055 0.489 0.220 0.249 
50: 17.375 -4.136 0.258 -1.179 -0.450 0.095 0.414 0.362 0.102 0.142 -0.083 -0.162 
51: 17.391 -3.756 0.489 -0.842 -0.384 0.226 0.449 -0.072 -0.175 0.398 0.247 -0.082 
52: 13.450 -4.137 -0.025 -1.308 -0.390 -0.296 0.395 -0.270 0.131 0.447 0.160 0.110 
53: 14.302 -4.252 0.036 -0.999 -0.449 -0.133 0.049 -0.196 -0.138 0.121 -0.041 -0.049 
54: 17.042 -3.743 0.325 -0.915 -0.283 0.178 0.524 0.079 -0.039 0.070 0.208 -0.162 
55: 17.432 -3.916 0.343 -0.822 -0.256 -0.135 0.224 0.148 -0.108 0.113 0.023 -0.070 
56: 16.365 -4.106 0.147 -1.208 -0.506 -0.184 0.244 -0.436 -0.257 0.080 -0.127 -0.152 
57: 16.469 -4.134 -0.071 -1.306 -0.534 -0.146 -0.160 -0.468 -0.252 0.113 -0.061 -0.198 
58: 17.805 -3.882 0.081 -1.326 -0.205 0.225 0.142 -0.085 -0.007 -0.061 0.122 -0.289 
59: 17.346 -4.401 -0.443 -1.453 -0.734 -0.413 0.215 -0.405 -0.021 0.065 -0.025 0.030 
60: 16.685 -4.412 -0.099 -1.668 -0.241 -0.340 0.209 -0.012 -0.012 0.103 -0.018 0.083 
61: 16.835 -4.075 0.094 -1.001 -0.348 -0.348 0.462 0.010 -0.220 -0.224 0.214 -0.107 
